Started at Fri May 12 10:32:14 UTC 2023
Processing ansible-db-users
Offering ansible-db-users to Project Build Discarder
Processing ansible-users-db-dsl
Offering ansible-users-db-dsl to Project Build Discarder
Processing job-dsl
Offering job-dsl to Project Build Discarder
Processing job_dsl_created
Offering job_dsl_created to Project Build Discarder
Processing job_dsl_description
Offering job_dsl_description to Project Build Discarder
Processing job_dsl_parameters
Offering job_dsl_parameters to Project Build Discarder
Processing job_dsl_scm
Offering job_dsl_scm to Project Build Discarder
Processing maven-job
Offering maven-job to Project Build Discarder
Processing maven_dsl
Offering maven_dsl to Project Build Discarder
Finished at Fri May 12 10:32:14 UTC 2023. 44ms
Started at Fri May 12 11:32:14 UTC 2023
Processing ansible-db-users
Offering ansible-db-users to Project Build Discarder
Processing ansible-users-db-dsl
Offering ansible-users-db-dsl to Project Build Discarder
Processing job-dsl
Offering job-dsl to Project Build Discarder
Processing job_dsl_created
Offering job_dsl_created to Project Build Discarder
Processing job_dsl_description
Offering job_dsl_description to Project Build Discarder
Processing job_dsl_parameters
Offering job_dsl_parameters to Project Build Discarder
Processing job_dsl_scm
Offering job_dsl_scm to Project Build Discarder
Processing maven-job
Offering maven-job to Project Build Discarder
Processing maven_dsl
Offering maven_dsl to Project Build Discarder
Finished at Fri May 12 11:32:14 UTC 2023. 5ms
